<?xml version="1.0" encoding="UTF-8"?>
<!-- Generated by org.testng.reporters.JUnitReportReporter -->
<testsuite hostname="sais-MacBook-Pro.local" name="DemoApp.com.demo.app.Test_GetForeignExchangeRateAPI" tests="8" failures="0" timestamp="23 Apr 2022 16:05:36 GMT" time="17.041" errors="0">
  <testcase name="testForConversionrateValuesOf_USD_BaseCode_Negative" time="0.546" classname="DemoApp.com.demo.app.Test_GetForeignExchangeRateAPI"/>
  <testcase name="testForExchangerateAPI_DummyAuth_Negative" time="1.143" classname="DemoApp.com.demo.app.Test_GetForeignExchangeRateAPI"/>
  <testcase name="testgetDataOfExchangeRateAPI" time="0.602" classname="DemoApp.com.demo.app.Test_GetForeignExchangeRateAPI"/>
  <testcase name="testForConversionrateValuesOf_INR_BaseCode_Positive" time="2.961" classname="DemoApp.com.demo.app.Test_GetForeignExchangeRateAPI"/>
  <testcase name="testForConversionrateValuesOf_USD_BaseCode_Positive" time="1.975" classname="DemoApp.com.demo.app.Test_GetForeignExchangeRateAPI"/>
  <testcase name="testForConversionrateValuesOf_INR_BaseCode_Neutral" time="1.508" classname="DemoApp.com.demo.app.Test_GetForeignExchangeRateAPI"/>
  <testcase name="testForConversionrateValuesOf_INR_BaseCode_Negative" time="6.924" classname="DemoApp.com.demo.app.Test_GetForeignExchangeRateAPI"/>
  <testcase name="testForExchangerateAPI_DummyURL_Negative" time="1.382" classname="DemoApp.com.demo.app.Test_GetForeignExchangeRateAPI"/>
</testsuite> <!-- DemoApp.com.demo.app.Test_GetForeignExchangeRateAPI -->
