<?xml version="1.0" encoding="UTF-8"?>
<!-- Generated by org.testng.reporters.JUnitReportReporter -->
<testsuite hostname="sais-mbp" name="DemoApp.Demo_Project.ComparisonTest" tests="4" failures="0" timestamp="31 Mar 2020 15:22:48 GMT" time="0.228" errors="0">
  <testcase name="getDataOfFile2_Test" time="0.019" classname="DemoApp.Demo_Project.ComparisonTest"/>
  <testcase name="verifyJSONresponseComparisonTest" time="0.002" classname="DemoApp.Demo_Project.ComparisonTest"/>
  <testcase name="getDataOfFile1_Test" time="0.206" classname="DemoApp.Demo_Project.ComparisonTest"/>
  <testcase name="verifyFileDataComparisonTest" time="0.001" classname="DemoApp.Demo_Project.ComparisonTest"/>
</testsuite> <!-- DemoApp.Demo_Project.ComparisonTest -->
