<?xml version="1.0" encoding="UTF-8"?>
<!-- Generated by org.testng.reporters.JUnitReportReporter -->
<testsuite hostname="sais-mbp" name="getRequest.GetData" tests="2" failures="0" timestamp="30 Mar 2020 13:34:09 GMT" time="4.710" errors="0">
  <testcase name="testbody" time="1.170" classname="getRequest.GetData"/>
  <testcase name="testResponseCode" time="3.540" classname="getRequest.GetData"/>
</testsuite> <!-- getRequest.GetData -->
