<?xml version="1.0" encoding="UTF-8"?>
<!-- Generated by org.testng.reporters.JUnitReportReporter -->
<testsuite hostname="sais-MacBook-Pro.local" name="DemoApp.com.demo.app.AppTest" tests="1" failures="0" timestamp="23 Apr 2022 13:58:58 GMT" time="5.052" errors="0">
  <testcase name="testgetDataOfExchangeRateAPI" time="5.052" classname="DemoApp.com.demo.app.AppTest"/>
</testsuite> <!-- DemoApp.com.demo.app.AppTest -->
