<?xml version="1.0" encoding="UTF-8"?>
<!-- Generated by org.testng.reporters.JUnitReportReporter -->
<testsuite hostname="sais-mbp" name="DemoApp.Demo_Project.ComparisonTest2" tests="1" failures="0" timestamp="30 Mar 2020 17:21:15 GMT" time="0.125" errors="0">
  <testcase name="ComparisonTest" time="0.125" classname="DemoApp.Demo_Project.ComparisonTest2"/>
</testsuite> <!-- DemoApp.Demo_Project.ComparisonTest2 -->
